[10-Apr-2018 00:11:51 Africa/Khartoum] PHP Notice:  Undefined index: username in /var/www/html/addax/dashboard/content/header.php on line 3
[10-Apr-2018 00:11:51 Africa/Khartoum] PHP Notice:  Undefined index: user_id in /var/www/html/addax/dashboard/includes/classes.php on line 1738
[10-Apr-2018 00:11:51 Africa/Khartoum] PHP Notice:  Undefined index: username in /var/www/html/addax/dashboard/content/navbar.php on line 146
[10-Apr-2018 00:11:51 Africa/Khartoum] PHP Notice:  Undefined index: username in /var/www/html/addax/dashboard/content/sidebar.php on line 9
[10-Apr-2018 15:01:33 Africa/Khartoum] PHP Notice:  Undefined index: username in /var/www/html/addax/dashboard/content/header.php on line 3
[10-Apr-2018 15:01:34 Africa/Khartoum] PHP Notice:  Undefined index: user_id in /var/www/html/addax/dashboard/includes/classes.php on line 1738
[10-Apr-2018 15:01:34 Africa/Khartoum] PHP Notice:  Undefined index: username in /var/www/html/addax/dashboard/content/navbar.php on line 146
[10-Apr-2018 15:01:34 Africa/Khartoum] PHP Notice:  Undefined index: username in /var/www/html/addax/dashboard/content/sidebar.php on line 9
[10-Apr-2018 15:03:23 Africa/Khartoum] ERROR: -> CLASS:main FUNCTION:formInterface ---- Attributes number not matching
[10-Apr-2018 15:03:23 Africa/Khartoum] ERROR: -> CLASS:main FUNCTION:formBuilder ---- formInterface failure
[10-Apr-2018 15:03:23 Africa/Khartoum] ERROR: -> CLASS:main FUNCTION:formInterface ---- Attributes number not matching
[10-Apr-2018 15:03:23 Africa/Khartoum] ERROR: -> CLASS:main FUNCTION:formBuilder ---- formInterface failure
[10-Apr-2018 17:52:54 Africa/Khartoum] ERROR: -> CLASS:main FUNCTION:formInterface ---- Attributes number not matching
[10-Apr-2018 17:52:54 Africa/Khartoum] ERROR: -> CLASS:main FUNCTION:formBuilder ---- formInterface failure
[10-Apr-2018 17:52:54 Africa/Khartoum] ERROR: -> CLASS:main FUNCTION:formInterface ---- Attributes number not matching
[10-Apr-2018 17:52:54 Africa/Khartoum] ERROR: -> CLASS:main FUNCTION:formBuilder ---- formInterface failure
[10-Apr-2018 17:54:45 Africa/Khartoum] ERROR: -> CLASS:main FUNCTION:formInterface ---- Attributes number not matching
[10-Apr-2018 17:54:45 Africa/Khartoum] ERROR: -> CLASS:main FUNCTION:formBuilder ---- formInterface failure
[10-Apr-2018 18:01:00 Africa/Khartoum] ERROR: -> CLASS:main FUNCTION:formInterface ---- Attributes number not matching
[10-Apr-2018 18:01:00 Africa/Khartoum] ERROR: -> CLASS:main FUNCTION:formBuilder ---- formInterface failure
[10-Apr-2018 18:01:00 Africa/Khartoum] ERROR: -> CLASS:main FUNCTION:formInterface ---- Attributes number not matching
[10-Apr-2018 18:01:00 Africa/Khartoum] ERROR: -> CLASS:main FUNCTION:formBuilder ---- formInterface failure
[10-Apr-2018 21:12:19 Africa/Khartoum] PHP Notice:  Undefined index: username in /var/www/html/addax/dashboard/content/header.php on line 3
[10-Apr-2018 21:12:19 Africa/Khartoum] PHP Notice:  Undefined index: user_id in /var/www/html/addax/dashboard/includes/classes.php on line 1738
[10-Apr-2018 21:12:19 Africa/Khartoum] PHP Notice:  Undefined index: username in /var/www/html/addax/dashboard/content/navbar.php on line 146
[10-Apr-2018 21:12:19 Africa/Khartoum] PHP Notice:  Undefined index: username in /var/www/html/addax/dashboard/content/sidebar.php on line 9
[10-Apr-2018 21:28:25 Africa/Khartoum] PHP Notice:  Undefined offset: 4 in /var/www/html/addax/dashboard/includes/classes.php on line 937
[10-Apr-2018 21:28:25 Africa/Khartoum] PHP Notice:  Undefined offset: 4 in /var/www/html/addax/dashboard/includes/classes.php on line 937
